G4GDML: Reading 'simple_array_expanded-World.gdml'...
G4GDML: Reading definitions...
G4GDML: Reading materials...
G4GDML: Reading solids...
G4GDML: Reading structure...
Checking overlaps for volume Det001_PV:0 (G4Box) ... 
-------- WWWW ------- G4Exception-START -------- WWWW -------

*** ExceptionHandler is not defined ***
*** G4Exception : GeomVol1002
      issued by : G4PVPlacement::CheckOverlaps()
Overlap with mother volume !
          Overlap is detected for volume Det001_PV:0 (G4Box) with its mother volume Obj001 (G4Box)
          protrusion at mother local point (-0.678159,-0.652217,9.5) by 2 mm  (max of 808 cases)
NOTE: Reached maximum fixed number -1- of overlaps reports for this volume !
*** This is just a warning message. ***
-------- WWWW ------- G4Exception-END -------- WWWW -------


-------- EEEE ------- G4Exception-START -------- EEEE -------

*** ExceptionHandler is not defined ***
*** G4Exception : ReadError
      issued by : G4GDMLReadStructure::GetVolume()
Referenced volume 'V-GlassPlate001' was not found!
*** Fatal Exception ***
-------- EEEE ------- G4Exception-END -------- EEEE -------


*** G4Exception: Aborting execution ***
